[INFO]-[2024/02/05 05:44:46] #################### Start Cloning Job ####################
[info]-[2024/02/05 05:44:46] WP Staging Version: 3.3.2
[info]-[2024/02/05 05:44:46] PHP Version: 8.2.13
[info]-[2024/02/05 05:44:46] Server: Apache/2.4.58 (Win64) PHP/8.2.13 mod_fcgid/2.3.10-dev
[info]-[2024/02/05 05:44:46] MySQL: 8.2.0
[info]-[2024/02/05 05:44:46] WP Version: 6.4.3
[info]-[2024/02/05 05:44:46] Host: General
[info]-[2024/02/05 05:44:46] PHP Memory Limit: 134217728
[info]-[2024/02/05 05:44:46] WP Memory Limit: 41943040
[info]-[2024/02/05 05:44:46] PHP Max Execution Time: 120
[INFO]-[2024/02/05 05:44:46] DB Copy: Creating table wpstg0_actionscheduler_actions
[INFO]-[2024/02/05 05:44:46] DB Copy: Table wp_actionscheduler_actions contains 2 rows 
[INFO]-[2024/02/05 05:44:46] DB Copy: Copy data from wp_actionscheduler_actions to wpstg0_actionscheduler_actions - 0 to 10000 records
[INFO]-[2024/02/05 05:44:47] DB Copy: Creating table wpstg0_actionscheduler_claims
[INFO]-[2024/02/05 05:44:47] DB Copy: Table wp_actionscheduler_claims contains 0 rows 
[INFO]-[2024/02/05 05:44:47] DB Copy: Creating table wpstg0_actionscheduler_groups
[INFO]-[2024/02/05 05:44:47] DB Copy: Table wp_actionscheduler_groups contains 1 rows 
[INFO]-[2024/02/05 05:44:47] DB Copy: Copy data from wp_actionscheduler_groups to wpstg0_actionscheduler_groups - 0 to 10000 records
[INFO]-[2024/02/05 05:44:47] DB Copy: Creating table wpstg0_actionscheduler_logs
[INFO]-[2024/02/05 05:44:47] DB Copy: Table wp_actionscheduler_logs contains 6 rows 
[INFO]-[2024/02/05 05:44:47] DB Copy: Copy data from wp_actionscheduler_logs to wpstg0_actionscheduler_logs - 0 to 10000 records
[INFO]-[2024/02/05 05:44:47] DB Copy: Creating table wpstg0_commentmeta
[INFO]-[2024/02/05 05:44:47] DB Copy: Table wp_commentmeta contains 0 rows 
[INFO]-[2024/02/05 05:44:48] DB Copy: Creating table wpstg0_comments
[INFO]-[2024/02/05 05:44:48] DB Copy: Table wp_comments contains 1 rows 
[INFO]-[2024/02/05 05:44:48] DB Copy: Copy data from wp_comments to wpstg0_comments - 0 to 10000 records
[INFO]-[2024/02/05 05:44:48] DB Copy: Creating table wpstg0_e_events
[INFO]-[2024/02/05 05:44:48] DB Copy: Table wp_e_events contains 0 rows 
[INFO]-[2024/02/05 05:44:48] DB Copy: Creating table wpstg0_ff_scheduled_actions
[INFO]-[2024/02/05 05:44:48] DB Copy: Table wp_ff_scheduled_actions contains 0 rows 
[INFO]-[2024/02/05 05:44:48] DB Copy: Creating table wpstg0_fluentform_entry_details
[INFO]-[2024/02/05 05:44:48] DB Copy: Table wp_fluentform_entry_details contains 0 rows 
[INFO]-[2024/02/05 05:44:48] DB Copy: Creating table wpstg0_fluentform_form_analytics
[INFO]-[2024/02/05 05:44:48] DB Copy: Table wp_fluentform_form_analytics contains 0 rows 
[INFO]-[2024/02/05 05:44:48] DB Copy: Creating table wpstg0_fluentform_form_meta
[INFO]-[2024/02/05 05:44:48] DB Copy: Table wp_fluentform_form_meta contains 21 rows 
[INFO]-[2024/02/05 05:44:48] DB Copy: Copy data from wp_fluentform_form_meta to wpstg0_fluentform_form_meta - 0 to 10000 records
[INFO]-[2024/02/05 05:44:49] DB Copy: Creating table wpstg0_fluentform_forms
[INFO]-[2024/02/05 05:44:49] DB Copy: Table wp_fluentform_forms contains 5 rows 
[INFO]-[2024/02/05 05:44:49] DB Copy: Copy data from wp_fluentform_forms to wpstg0_fluentform_forms - 0 to 10000 records
[INFO]-[2024/02/05 05:44:49] DB Copy: Creating table wpstg0_fluentform_logs
[INFO]-[2024/02/05 05:44:49] DB Copy: Table wp_fluentform_logs contains 0 rows 
[INFO]-[2024/02/05 05:44:49] DB Copy: Creating table wpstg0_fluentform_submission_meta
[INFO]-[2024/02/05 05:44:49] DB Copy: Table wp_fluentform_submission_meta contains 0 rows 
[INFO]-[2024/02/05 05:44:49] DB Copy: Creating table wpstg0_fluentform_submissions
[INFO]-[2024/02/05 05:44:49] DB Copy: Table wp_fluentform_submissions contains 0 rows 
[INFO]-[2024/02/05 05:44:49] DB Copy: Creating table wpstg0_links
[INFO]-[2024/02/05 05:44:50] DB Copy: Table wp_links contains 0 rows 
[INFO]-[2024/02/05 05:44:50] DB Copy: Creating table wpstg0_options
[INFO]-[2024/02/05 05:44:50] DB Copy: Table wp_options contains 224 rows 
[INFO]-[2024/02/05 05:44:50] DB Copy: Copy data from wp_options to wpstg0_options - 0 to 10000 records
[INFO]-[2024/02/05 05:44:50] DB Copy: Creating table wpstg0_postmeta
[INFO]-[2024/02/05 05:44:50] DB Copy: Table wp_postmeta contains 2755 rows 
[INFO]-[2024/02/05 05:44:50] DB Copy: Copy data from wp_postmeta to wpstg0_postmeta - 0 to 10000 records
[INFO]-[2024/02/05 05:44:50] DB Copy: Creating table wpstg0_posts
[INFO]-[2024/02/05 05:44:50] DB Copy: Table wp_posts contains 479 rows 
[INFO]-[2024/02/05 05:44:50] DB Copy: Copy data from wp_posts to wpstg0_posts - 0 to 10000 records
[INFO]-[2024/02/05 05:44:50] DB Copy: Creating table wpstg0_strong_views
[INFO]-[2024/02/05 05:44:50] DB Copy: Table wp_strong_views contains 1 rows 
[INFO]-[2024/02/05 05:44:50] DB Copy: Copy data from wp_strong_views to wpstg0_strong_views - 0 to 10000 records
[INFO]-[2024/02/05 05:44:51] DB Copy: Creating table wpstg0_term_relationships
[INFO]-[2024/02/05 05:44:51] DB Copy: Table wp_term_relationships contains 9 rows 
[INFO]-[2024/02/05 05:44:51] DB Copy: Copy data from wp_term_relationships to wpstg0_term_relationships - 0 to 10000 records
[INFO]-[2024/02/05 05:44:51] DB Copy: Creating table wpstg0_term_taxonomy
[INFO]-[2024/02/05 05:44:51] DB Copy: Table wp_term_taxonomy contains 4 rows 
[INFO]-[2024/02/05 05:44:51] DB Copy: Copy data from wp_term_taxonomy to wpstg0_term_taxonomy - 0 to 10000 records
[INFO]-[2024/02/05 05:44:51] DB Copy: Creating table wpstg0_termmeta
[INFO]-[2024/02/05 05:44:51] DB Copy: Table wp_termmeta contains 0 rows 
[INFO]-[2024/02/05 05:44:51] DB Copy: Creating table wpstg0_terms
[INFO]-[2024/02/05 05:44:51] DB Copy: Table wp_terms contains 4 rows 
[INFO]-[2024/02/05 05:44:51] DB Copy: Copy data from wp_terms to wpstg0_terms - 0 to 10000 records
[INFO]-[2024/02/05 05:44:51] DB Copy: Creating table wpstg0_usermeta
[INFO]-[2024/02/05 05:44:51] DB Copy: Table wp_usermeta contains 33 rows 
[INFO]-[2024/02/05 05:44:51] DB Copy: Copy data from wp_usermeta to wpstg0_usermeta - 0 to 10000 records
[INFO]-[2024/02/05 05:44:52] DB Copy: Creating table wpstg0_users
[INFO]-[2024/02/05 05:44:52] DB Copy: Table wp_users contains 1 rows 
[INFO]-[2024/02/05 05:44:52] DB Copy: Copy data from wp_users to wpstg0_users - 0 to 10000 records
[INFO]-[2024/02/05 05:44:52] DB Search & Replace:  Table wpstg0_actionscheduler_actions 0 to 20000 records
[INFO]-[2024/02/05 05:44:52] DB Search & Replace:  Table wpstg0_actionscheduler_groups 0 to 20000 records
[INFO]-[2024/02/05 05:44:53] DB Search & Replace:  Table wpstg0_actionscheduler_logs 0 to 20000 records
[INFO]-[2024/02/05 05:44:53] DB Search & Replace:  Table wpstg0_comments 0 to 20000 records
[INFO]-[2024/02/05 05:44:54] DB Search & Replace:  Table wpstg0_fluentform_form_meta 0 to 20000 records
[INFO]-[2024/02/05 05:44:54] DB Search & Replace:  Table wpstg0_fluentform_forms 0 to 20000 records
[INFO]-[2024/02/05 05:44:55] DB Search & Replace:  Table wpstg0_options 0 to 20000 records
[INFO]-[2024/02/05 05:44:56] DB Search & Replace:  Table wpstg0_postmeta 0 to 20000 records
[INFO]-[2024/02/05 05:44:57] DB Search & Replace:  Table wpstg0_posts 0 to 20000 records
[INFO]-[2024/02/05 05:44:58] DB Search & Replace:  Table wpstg0_strong_views 0 to 20000 records
[INFO]-[2024/02/05 05:44:58] DB Search & Replace:  Table wpstg0_term_relationships 0 to 20000 records
[INFO]-[2024/02/05 05:44:58] DB Search & Replace:  Table wpstg0_term_taxonomy 0 to 20000 records
[INFO]-[2024/02/05 05:44:59] DB Search & Replace:  Table wpstg0_terms 0 to 20000 records
[INFO]-[2024/02/05 05:44:59] DB Search & Replace:  Table wpstg0_usermeta 0 to 20000 records
[INFO]-[2024/02/05 05:44:59] DB Search & Replace:  Table wpstg0_users 0 to 20000 records
[INFO]-[2024/02/05 05:44:59] Scanning / for its files
[INFO]-[2024/02/05 05:45:00] Scanning wp-content/plugins/ and its sub-directories and files
[INFO]-[2024/02/05 05:45:02] Scanning wp-content/mu-plugins/ and its sub-directories and files
[INFO]-[2024/02/05 05:45:03] Scanning wp-content/themes/ and its sub-directories and files
[INFO]-[2024/02/05 05:45:03] Scanning wp-content/uploads/ and its sub-directories and files
[INFO]-[2024/02/05 05:45:03] Scanning wp-content/ for other directories and files
[INFO]-[2024/02/05 05:45:03] Scanning wp-includes/ for its sub-directories and files
[INFO]-[2024/02/05 05:45:04] Scanning wp-admin/ for its sub-directories and files
[INFO]-[2024/02/05 05:45:04] Copying files...
[INFO]-[2024/02/05 05:45:04] Total 50 files processed
[INFO]-[2024/02/05 05:45:05] Total 100 files processed
[INFO]-[2024/02/05 05:45:05] Total 150 files processed
[INFO]-[2024/02/05 05:45:05] Total 200 files processed
[INFO]-[2024/02/05 05:45:06] Total 250 files processed
[INFO]-[2024/02/05 05:45:06] Total 300 files processed
[INFO]-[2024/02/05 05:45:06] Total 350 files processed
[INFO]-[2024/02/05 05:45:07] Total 400 files processed
[INFO]-[2024/02/05 05:45:07] Total 450 files processed
[INFO]-[2024/02/05 05:45:07] Total 500 files processed
[INFO]-[2024/02/05 05:45:08] Total 550 files processed
[INFO]-[2024/02/05 05:45:08] Total 600 files processed
[INFO]-[2024/02/05 05:45:08] Total 650 files processed
[INFO]-[2024/02/05 05:45:09] Total 700 files processed
[INFO]-[2024/02/05 05:45:09] Total 750 files processed
[INFO]-[2024/02/05 05:45:09] Total 800 files processed
[INFO]-[2024/02/05 05:45:10] Total 850 files processed
[INFO]-[2024/02/05 05:45:10] Total 900 files processed
[INFO]-[2024/02/05 05:45:11] Total 950 files processed
[INFO]-[2024/02/05 05:45:11] Total 1000 files processed
[INFO]-[2024/02/05 05:45:11] Total 1050 files processed
[INFO]-[2024/02/05 05:45:12] Total 1100 files processed
[INFO]-[2024/02/05 05:45:12] Total 1150 files processed
[INFO]-[2024/02/05 05:45:12] Total 1200 files processed
[INFO]-[2024/02/05 05:45:13] Total 1250 files processed
[INFO]-[2024/02/05 05:45:13] Total 1300 files processed
[INFO]-[2024/02/05 05:45:13] Total 1350 files processed
[INFO]-[2024/02/05 05:45:14] Total 1400 files processed
[INFO]-[2024/02/05 05:45:14] Total 1450 files processed
[INFO]-[2024/02/05 05:45:15] Total 1500 files processed
[INFO]-[2024/02/05 05:45:15] Total 1550 files processed
[INFO]-[2024/02/05 05:45:16] Total 1600 files processed
[INFO]-[2024/02/05 05:45:16] Total 1650 files processed
[INFO]-[2024/02/05 05:45:16] Total 1700 files processed
[INFO]-[2024/02/05 05:45:17] Total 1750 files processed
[INFO]-[2024/02/05 05:45:17] Total 1800 files processed
[INFO]-[2024/02/05 05:45:18] Total 1850 files processed
[INFO]-[2024/02/05 05:45:18] Total 1900 files processed
[INFO]-[2024/02/05 05:45:18] Total 1950 files processed
[INFO]-[2024/02/05 05:45:19] Total 2000 files processed
[INFO]-[2024/02/05 05:45:19] Total 2050 files processed
[INFO]-[2024/02/05 05:45:19] Total 2100 files processed
[INFO]-[2024/02/05 05:45:20] Total 2150 files processed
[INFO]-[2024/02/05 05:45:20] Total 2200 files processed
[INFO]-[2024/02/05 05:45:21] Total 2250 files processed
[INFO]-[2024/02/05 05:45:21] Total 2300 files processed
[INFO]-[2024/02/05 05:45:21] Total 2350 files processed
[INFO]-[2024/02/05 05:45:22] Total 2400 files processed
[INFO]-[2024/02/05 05:45:22] Total 2450 files processed
[INFO]-[2024/02/05 05:45:22] Total 2500 files processed
[INFO]-[2024/02/05 05:45:31] Total 2550 files processed
[INFO]-[2024/02/05 05:45:31] Total 2600 files processed
[INFO]-[2024/02/05 05:45:32] Total 2650 files processed
[INFO]-[2024/02/05 05:45:32] Total 2700 files processed
[INFO]-[2024/02/05 05:45:32] Total 2750 files processed
[INFO]-[2024/02/05 05:45:33] Total 2800 files processed
[INFO]-[2024/02/05 05:45:33] Total 2850 files processed
[INFO]-[2024/02/05 05:45:34] Total 2900 files processed
[INFO]-[2024/02/05 05:45:34] Total 2950 files processed
[INFO]-[2024/02/05 05:45:34] Total 3000 files processed
[INFO]-[2024/02/05 05:45:35] Total 3050 files processed
[INFO]-[2024/02/05 05:45:35] Total 3100 files processed
[INFO]-[2024/02/05 05:45:35] Total 3150 files processed
[INFO]-[2024/02/05 05:45:36] Total 3200 files processed
[INFO]-[2024/02/05 05:45:36] Total 3250 files processed
[INFO]-[2024/02/05 05:45:36] Total 3300 files processed
[INFO]-[2024/02/05 05:45:37] Total 3350 files processed
[INFO]-[2024/02/05 05:45:37] Total 3400 files processed
[INFO]-[2024/02/05 05:45:37] Total 3450 files processed
[INFO]-[2024/02/05 05:45:38] Total 3500 files processed
[INFO]-[2024/02/05 05:45:38] Total 3550 files processed
[INFO]-[2024/02/05 05:45:38] Total 3600 files processed
[INFO]-[2024/02/05 05:45:39] Total 3650 files processed
[INFO]-[2024/02/05 05:45:39] Total 3700 files processed
[INFO]-[2024/02/05 05:45:39] Total 3750 files processed
[INFO]-[2024/02/05 05:45:40] Total 3800 files processed
[INFO]-[2024/02/05 05:45:40] Total 3850 files processed
[INFO]-[2024/02/05 05:45:40] Total 3900 files processed
[INFO]-[2024/02/05 05:45:41] Total 3950 files processed
[INFO]-[2024/02/05 05:45:42] Total 4000 files processed
[INFO]-[2024/02/05 05:45:43] Total 4050 files processed
[INFO]-[2024/02/05 05:45:49] Total 4100 files processed
[INFO]-[2024/02/05 05:45:51] Total 4150 files processed
[INFO]-[2024/02/05 05:45:51] Total 4200 files processed
[INFO]-[2024/02/05 05:45:52] Total 4250 files processed
[INFO]-[2024/02/05 05:45:53] Total 4300 files processed
[INFO]-[2024/02/05 05:45:53] Total 4350 files processed
[INFO]-[2024/02/05 05:45:54] Total 4400 files processed
[INFO]-[2024/02/05 05:45:54] Total 4450 files processed
[INFO]-[2024/02/05 05:45:55] Total 4500 files processed
[INFO]-[2024/02/05 05:45:55] Total 4550 files processed
[INFO]-[2024/02/05 05:45:55] Total 4600 files processed
[INFO]-[2024/02/05 05:45:56] Total 4650 files processed
[INFO]-[2024/02/05 05:45:56] Total 4700 files processed
[INFO]-[2024/02/05 05:45:56] Total 4750 files processed
[INFO]-[2024/02/05 05:45:57] Total 4800 files processed
[INFO]-[2024/02/05 05:45:57] Total 4850 files processed
[INFO]-[2024/02/05 05:45:57] Total 4900 files processed
[INFO]-[2024/02/05 05:45:58] Total 4950 files processed
[INFO]-[2024/02/05 05:45:58] Total 5000 files processed
[INFO]-[2024/02/05 05:45:59] Total 5050 files processed
[INFO]-[2024/02/05 05:45:59] Total 5100 files processed
[INFO]-[2024/02/05 05:45:59] Total 5150 files processed
[INFO]-[2024/02/05 05:46:00] Total 5200 files processed
[INFO]-[2024/02/05 05:46:00] Total 5250 files processed
[INFO]-[2024/02/05 05:46:00] Total 5300 files processed
[INFO]-[2024/02/05 05:46:01] Total 5350 files processed
[INFO]-[2024/02/05 05:46:01] Total 5400 files processed
[INFO]-[2024/02/05 05:46:01] Total 5450 files processed
[INFO]-[2024/02/05 05:46:02] Total 5500 files processed
[INFO]-[2024/02/05 05:46:02] Total 5550 files processed
[INFO]-[2024/02/05 05:46:02] Total 5600 files processed
[INFO]-[2024/02/05 05:46:03] Total 5650 files processed
[INFO]-[2024/02/05 05:46:03] Total 5700 files processed
[INFO]-[2024/02/05 05:46:04] Total 5750 files processed
[INFO]-[2024/02/05 05:46:04] Total 5800 files processed
[INFO]-[2024/02/05 05:46:04] Total 5850 files processed
[INFO]-[2024/02/05 05:46:05] Total 5900 files processed
[INFO]-[2024/02/05 05:46:05] Total 5950 files processed
[INFO]-[2024/02/05 05:46:06] Total 6000 files processed
[INFO]-[2024/02/05 05:46:06] Total 6050 files processed
[INFO]-[2024/02/05 05:46:06] Total 6100 files processed
[INFO]-[2024/02/05 05:46:07] Total 6150 files processed
[INFO]-[2024/02/05 05:46:07] Total 6200 files processed
[INFO]-[2024/02/05 05:46:08] Total 6250 files processed
[INFO]-[2024/02/05 05:46:08] Total 6300 files processed
[INFO]-[2024/02/05 05:46:09] Total 6350 files processed
[INFO]-[2024/02/05 05:46:09] Total 6400 files processed
[INFO]-[2024/02/05 05:46:09] Total 6450 files processed
[INFO]-[2024/02/05 05:46:10] Total 6500 files processed
[INFO]-[2024/02/05 05:46:10] Total 6550 files processed
[INFO]-[2024/02/05 05:46:11] Total 6600 files processed
[INFO]-[2024/02/05 05:46:11] Total 6650 files processed
[INFO]-[2024/02/05 05:46:12] Total 6700 files processed
[INFO]-[2024/02/05 05:46:12] Total 6750 files processed
[INFO]-[2024/02/05 05:46:13] Total 6800 files processed
[INFO]-[2024/02/05 05:46:13] Skipped symlinking Wp Uploads Folder
[INFO]-[2024/02/05 05:46:13] Copying files finished
[INFO]-[2024/02/05 05:46:13] DB Data Step 0: Copy wp-config.php file
[INFO]-[2024/02/05 05:46:13] DB Data Step 0: Skipping: wp-config.php already exists in C:/Users/jennifer/Vertas counsel Law Firm App/wordpress/1707111886182/wp-config.php
[INFO]-[2024/02/05 05:46:13] DB Data Step 1: Updating siteurl and homeurl in wpstg0_options to http://lawfirm.local/wordpress/1707111886182
[INFO]-[2024/02/05 05:46:14] DB Data Step 3: Updating db prefix in wpstg0_usermeta.
[INFO]-[2024/02/05 05:46:14] DB Data Step 4: Updating table_prefix in C:/Users/jennifer/Vertas counsel Law Firm App/wordpress/1707111886182/wp-config.php to wpstg0_
[INFO]-[2024/02/05 05:46:14] DB Data Step 5: WP installation is not in a subdirectory! Skipping this step
[INFO]-[2024/02/05 05:46:14] DB Data Step 6: Updating db prefix in wpstg0_options.
[INFO]-[2024/02/05 05:46:15] DB Data Step 7: Updating constants in wp-config.php
[INFO]-[2024/02/05 05:46:15] DB Data Step 7: Added constant:WP_LANG_DIR
[INFO]-[2024/02/05 05:46:15] DB Data Step 7: Added constant:WP_HOME
[INFO]-[2024/02/05 05:46:15] DB Data Step 7: Added constant:WP_SITEURL
[INFO]-[2024/02/05 05:46:15] DB Data Step 7: Added constant:WP_CACHE
[INFO]-[2024/02/05 05:46:15] DB Data Step 7: Added constant:DISABLE_WP_CRON
[INFO]-[2024/02/05 05:46:15] DB Data Step 7: Added constant:WP_ENVIRONMENT_TYPE
[INFO]-[2024/02/05 05:46:15] DB Data Step 7: Added constant:WP_DEVELOPMENT_MODE
[INFO]-[2024/02/05 05:46:15] DB Data Step 7: Added constant:WPSTAGING_DEV_SITE
[INFO]-[2024/02/05 05:46:15] DB Data Step 7: Added constant:UPLOADS
[INFO]-[2024/02/05 05:46:15] DB Data Step 7: Added constant:WP_PLUGIN_DIR
[INFO]-[2024/02/05 05:46:15] DB Data Step 7: Added constant:WP_PLUGIN_URL
[INFO]-[2024/02/05 05:46:15] DB Data Step 7: Skipping: WP_ALLOW_MULTISITE not defined in wp-config.php.
[INFO]-[2024/02/05 05:46:15] DB Data Step 7: Skipping: MULTISITE not defined in wp-config.php.
[INFO]-[2024/02/05 05:46:15] Finish: Deleting clone job's cache files...
[INFO]-[2024/02/05 05:46:15] Finish: Clone job's cache files have been deleted!
[INFO]-[2024/02/05 05:46:15] Finish: Verifying existing clones...
[INFO]-[2024/02/05 05:46:15] Finish: The job finished!
[info]-[2024/02/05 05:46:15] ################## FINISH ##################
